<?xml version="1.0" encoding="UTF-8"?>
<testng-results ignored="0" total="1" passed="1" failed="0" skipped="0">
  <reporter-output>
  </reporter-output>
  <suite started-at="2025-03-16T11:04:54 UTC" name="Surefire suite" finished-at="2025-03-16T11:04:54 UTC" duration-ms="216">
    <groups>
    </groups>
    <test started-at="2025-03-16T11:04:54 UTC" name="Surefire test" finished-at="2025-03-16T11:04:54 UTC" duration-ms="216">
      <class name="com.example.AppTest">
        <test-method signature="shouldAnswerWithTrue()[pri:0, instance:com.example.AppTest@2f8f5f62]" started-at="2025-03-16T11:04:54 UTC" name="shouldAnswerWithTrue" finished-at="2025-03-16T11:04:54 UTC" duration-ms="27" status="PASS">
          <reporter-output>
          </reporter-output>
        </test-method> <!-- shouldAnswerWithTrue -->
      </class> <!-- com.example.AppTest -->
    </test> <!-- Surefire test -->
  </suite> <!-- Surefire suite -->
</testng-results>
